<?xml version="1.0" encoding="UTF-8"?>
<testsuite name="com.RegistrationProject.emailTest" tests="17" skipped="0" failures="0" errors="0" timestamp="2019-11-23T03:59:55" hostname="admin1-Lenovo-Product" time="0.01">
  <properties/>
  <testcase name="Test[0]" classname="com.RegistrationProject.emailTest" time="0.001"/>
  <testcase name="Test[1]" classname="com.RegistrationProject.emailTest" time="0.001"/>
  <testcase name="Test[2]" classname="com.RegistrationProject.emailTest" time="0.0"/>
  <testcase name="Test[3]" classname="com.RegistrationProject.emailTest" time="0.0"/>
  <testcase name="Test[4]" classname="com.RegistrationProject.emailTest" time="0.0"/>
  <testcase name="Test[5]" classname="com.RegistrationProject.emailTest" time="0.0"/>
  <testcase name="Test[6]" classname="com.RegistrationProject.emailTest" time="0.0"/>
  <testcase name="Test[7]" classname="com.RegistrationProject.emailTest" time="0.0"/>
  <testcase name="Test[8]" classname="com.RegistrationProject.emailTest" time="0.001"/>
  <testcase name="Test[9]" classname="com.RegistrationProject.emailTest" time="0.0"/>
  <testcase name="Test[10]" classname="com.RegistrationProject.emailTest" time="0.0"/>
  <testcase name="Test[11]" classname="com.RegistrationProject.emailTest" time="0.0"/>
  <testcase name="Test[12]" classname="com.RegistrationProject.emailTest" time="0.0"/>
  <testcase name="Test[13]" classname="com.RegistrationProject.emailTest" time="0.0"/>
  <testcase name="Test[14]" classname="com.RegistrationProject.emailTest" time="0.0"/>
  <testcase name="Test[15]" classname="com.RegistrationProject.emailTest" time="0.001"/>
  <testcase name="Test[16]" classname="com.RegistrationProject.emailTest" time="0.001"/>
  <system-out><![CDATA[]]></system-out>
  <system-err><![CDATA[]]></system-err>
</testsuite>
