<?xml version="1.0" encoding="UTF-8"?>
<testsuite name="com.RegistrationProject.registrationTest" tests="3" skipped="0" failures="0" errors="0" timestamp="2019-11-22T13:01:03" hostname="admin1-Lenovo-Product" time="0.003">
  <properties/>
  <testcase name="givenFirstname_WhenLessThanThree_ShouldReturnTrue" classname="com.RegistrationProject.registrationTest" time="0.002"/>
  <testcase name="giveFirstname_WhenProper_ShouldReturnTrue" classname="com.RegistrationProject.registrationTest" time="0.0"/>
  <testcase name="givenFirstname_WhenFirstLetterNotCapital_ShouldReturnFalse" classname="com.RegistrationProject.registrationTest" time="0.0"/>
  <system-out><![CDATA[]]></system-out>
  <system-err><![CDATA[]]></system-err>
</testsuite>
