<?xml version="1.0" encoding="UTF-8"?>
<testsuite name="com.RegistrationProject.registrationTest" tests="1" skipped="0" failures="0" errors="0" timestamp="2019-11-23T04:24:13" hostname="admin1-Lenovo-Product" time="0.001">
  <properties/>
  <testcase name="givenPassword_WhenMoreThanEightLetter_ShouldReturnTrue" classname="com.RegistrationProject.registrationTest" time="0.001"/>
  <system-out><![CDATA[]]></system-out>
  <system-err><![CDATA[]]></system-err>
</testsuite>
